<?xml version="1.0" encoding="UTF-8"?>
<coverage generated="1743190223386" clover="3.2.0">
  <project timestamp="1743190223386" name="All files">
    <metrics statements="44" coveredstatements="37" conditionals="34" coveredconditionals="19" methods="8" coveredmethods="5" elements="86" coveredelements="61" complexity="0" loc="44" ncloc="44" packages="1" files="1" classes="1"/>
    <file name="frontmatter-tools.ts" path="/Users/kurt/Source/frontmatter-tools/src/frontmatter-tools.ts">
      <metrics statements="44" coveredstatements="37" conditionals="34" coveredconditionals="19" methods="8" coveredmethods="5"/>
      <line num="5" count="3" type="stmt"/>
      <line num="6" count="3" type="stmt"/>
      <line num="7" count="3" type="stmt"/>
      <line num="9" count="3" type="stmt"/>
      <line num="10" count="21" type="stmt"/>
      <line num="11" count="21" type="cond" truecount="3" falsecount="0"/>
      <line num="13" count="15" type="cond" truecount="2" falsecount="0"/>
      <line num="14" count="3" type="stmt"/>
      <line num="15" count="3" type="cond" truecount="1" falsecount="0"/>
      <line num="16" count="3" type="cond" truecount="1" falsecount="1"/>
      <line num="19" count="12" type="stmt"/>
      <line num="20" count="12" type="stmt"/>
      <line num="21" count="12" type="cond" truecount="2" falsecount="0"/>
      <line num="22" count="3" type="stmt"/>
      <line num="23" count="3" type="stmt"/>
      <line num="25" count="9" type="stmt"/>
      <line num="26" count="9" type="stmt"/>
      <line num="31" count="3" type="stmt"/>
      <line num="35" count="9" type="cond" truecount="0" falsecount="1"/>
      <line num="36" count="9" type="cond" truecount="0" falsecount="1"/>
      <line num="37" count="9" type="cond" truecount="0" falsecount="1"/>
      <line num="38" count="9" type="cond" truecount="0" falsecount="1"/>
      <line num="39" count="9" type="stmt"/>
      <line num="43" count="1" type="stmt"/>
      <line num="44" count="1" type="stmt"/>
      <line num="45" count="2" type="cond" truecount="2" falsecount="0"/>
      <line num="46" count="1" type="stmt"/>
      <line num="47" count="1" type="stmt"/>
      <line num="48" count="2" type="cond" truecount="1" falsecount="1"/>
      <line num="49" count="0" type="stmt"/>
      <line num="51" count="2" type="stmt"/>
      <line num="54" count="1" type="cond" truecount="2" falsecount="2"/>
      <line num="55" count="0" type="stmt"/>
      <line num="56" count="0" type="stmt"/>
      <line num="57" count="0" type="stmt"/>
      <line num="60" count="1" type="stmt"/>
      <line num="63" count="1" type="stmt"/>
      <line num="66" count="1" type="stmt"/>
      <line num="72" count="1" type="stmt"/>
      <line num="81" count="1" type="cond" truecount="1" falsecount="1"/>
      <line num="82" count="0" type="stmt"/>
      <line num="87" count="1" type="stmt"/>
      <line num="91" count="0" type="cond" truecount="0" falsecount="2"/>
      <line num="95" count="0" type="stmt"/>
    </file>
  </project>
</coverage>
