{"/Users/kurt/Source/frontmatter-tools/src/frontmatter-tools.ts": {"path":"/Users/kurt/Source/frontmatter-tools/src/frontmatter-tools.ts","statementMap":{"0":{"start":{"line":5,"column":18},"end":{"line":5,"column":43}},"1":{"start":{"line":6,"column":40},"end":{"line":6,"column":42}},"2":{"start":{"line":7,"column":36},"end":{"line":7,"column":40}},"3":{"start":{"line":9,"column":4},"end":{"line":29,"column":5}},"4":{"start":{"line":10,"column":24},"end":{"line":10,"column":35}},"5":{"start":{"line":11,"column":8},"end":{"line":11,"column":58}},"6":{"start":{"line":11,"column":49},"end":{"line":11,"column":58}},"7":{"start":{"line":13,"column":8},"end":{"line":28,"column":9}},"8":{"start":{"line":14,"column":25},"end":{"line":14,"column":48}},"9":{"start":{"line":15,"column":12},"end":{"line":17,"column":13}},"10":{"start":{"line":16,"column":16},"end":{"line":16,"column":55}},"11":{"start":{"line":19,"column":35},"end":{"line":19,"column":57}},"12":{"start":{"line":20,"column":26},"end":{"line":20,"column":47}},"13":{"start":{"line":21,"column":12},"end":{"line":27,"column":13}},"14":{"start":{"line":22,"column":16},"end":{"line":22,"column":40}},"15":{"start":{"line":23,"column":16},"end":{"line":23,"column":40}},"16":{"start":{"line":25,"column":16},"end":{"line":25,"column":59}},"17":{"start":{"line":26,"column":16},"end":{"line":26,"column":34}},"18":{"start":{"line":31,"column":4},"end":{"line":31,"column":18}},"19":{"start":{"line":35,"column":4},"end":{"line":35,"column":38}},"20":{"start":{"line":35,"column":26},"end":{"line":35,"column":38}},"21":{"start":{"line":36,"column":4},"end":{"line":36,"column":40}},"22":{"start":{"line":36,"column":27},"end":{"line":36,"column":40}},"23":{"start":{"line":37,"column":4},"end":{"line":37,"column":38}},"24":{"start":{"line":37,"column":26},"end":{"line":37,"column":38}},"25":{"start":{"line":38,"column":4},"end":{"line":38,"column":52}},"26":{"start":{"line":38,"column":31},"end":{"line":38,"column":52}},"27":{"start":{"line":39,"column":4},"end":{"line":39,"column":17}},"28":{"start":{"line":43,"column":28},"end":{"line":43,"column":30}},"29":{"start":{"line":44,"column":4},"end":{"line":62,"column":5}},"30":{"start":{"line":45,"column":8},"end":{"line":61,"column":9}},"31":{"start":{"line":46,"column":12},"end":{"line":46,"column":34}},"32":{"start":{"line":47,"column":12},"end":{"line":53,"column":13}},"33":{"start":{"line":48,"column":16},"end":{"line":52,"column":17}},"34":{"start":{"line":49,"column":20},"end":{"line":49,"column":62}},"35":{"start":{"line":51,"column":20},"end":{"line":51,"column":46}},"36":{"start":{"line":54,"column":15},"end":{"line":61,"column":9}},"37":{"start":{"line":55,"column":12},"end":{"line":55,"column":34}},"38":{"start":{"line":56,"column":12},"end":{"line":58,"column":13}},"39":{"start":{"line":57,"column":16},"end":{"line":57,"column":43}},"40":{"start":{"line":60,"column":12},"end":{"line":60,"column":43}},"41":{"start":{"line":63,"column":4},"end":{"line":63,"column":28}},"42":{"start":{"line":66,"column":13},"end":{"line":97,"column":2}},"43":{"start":{"line":72,"column":8},"end":{"line":77,"column":10}},"44":{"start":{"line":81,"column":40},"end":{"line":86,"column":16}},"45":{"start":{"line":82,"column":47},"end":{"line":85,"column":14}},"46":{"start":{"line":87,"column":8},"end":{"line":87,"column":26}},"47":{"start":{"line":91,"column":8},"end":{"line":91,"column":43}},"48":{"start":{"line":95,"column":8},"end":{"line":95,"column":37}}},"fnMap":{"0":{"name":"fromYaml","decl":{"start":{"line":4,"column":9},"end":{"line":4,"column":17}},"loc":{"start":{"line":4,"column":36},"end":{"line":32,"column":1}}},"1":{"name":"parseYamlValue","decl":{"start":{"line":34,"column":9},"end":{"line":34,"column":23}},"loc":{"start":{"line":34,"column":37},"end":{"line":40,"column":1}}},"2":{"name":"toYaml","decl":{"start":{"line":42,"column":9},"end":{"line":42,"column":15}},"loc":{"start":{"line":42,"column":41},"end":{"line":64,"column":1}}},"3":{"name":"(anonymous_3)","decl":{"start":{"line":71,"column":4},"end":{"line":71,"column":11}},"loc":{"start":{"line":71,"column":16},"end":{"line":78,"column":5}}},"4":{"name":"(anonymous_4)","decl":{"start":{"line":80,"column":4},"end":{"line":80,"column":17}},"loc":{"start":{"line":80,"column":22},"end":{"line":88,"column":5}}},"5":{"name":"(anonymous_5)","decl":{"start":{"line":82,"column":34},"end":{"line":82,"column":35}},"loc":{"start":{"line":82,"column":47},"end":{"line":85,"column":14}}},"6":{"name":"(anonymous_6)","decl":{"start":{"line":90,"column":4},"end":{"line":90,"column":17}},"loc":{"start":{"line":90,"column":22},"end":{"line":92,"column":5}}},"7":{"name":"(anonymous_7)","decl":{"start":{"line":94,"column":4},"end":{"line":94,"column":10}},"loc":{"start":{"line":94,"column":22},"end":{"line":96,"column":5}}}},"branchMap":{"0":{"loc":{"start":{"line":11,"column":8},"end":{"line":11,"column":58}},"type":"if","locations":[{"start":{"line":11,"column":8},"end":{"line":11,"column":58}}]},"1":{"loc":{"start":{"line":11,"column":12},"end":{"line":11,"column":47}},"type":"binary-expr","locations":[{"start":{"line":11,"column":12},"end":{"line":11,"column":20}},{"start":{"line":11,"column":24},"end":{"line":11,"column":47}}]},"2":{"loc":{"start":{"line":13,"column":8},"end":{"line":28,"column":9}},"type":"if","locations":[{"start":{"line":13,"column":8},"end":{"line":28,"column":9}},{"start":{"line":18,"column":15},"end":{"line":28,"column":9}}]},"3":{"loc":{"start":{"line":15,"column":12},"end":{"line":17,"column":13}},"type":"if","locations":[{"start":{"line":15,"column":12},"end":{"line":17,"column":13}}]},"4":{"loc":{"start":{"line":16,"column":17},"end":{"line":16,"column":43}},"type":"binary-expr","locations":[{"start":{"line":16,"column":17},"end":{"line":16,"column":40}},{"start":{"line":16,"column":17},"end":{"line":16,"column":42}}]},"5":{"loc":{"start":{"line":21,"column":12},"end":{"line":27,"column":13}},"type":"if","locations":[{"start":{"line":21,"column":12},"end":{"line":27,"column":13}},{"start":{"line":24,"column":19},"end":{"line":27,"column":13}}]},"6":{"loc":{"start":{"line":35,"column":4},"end":{"line":35,"column":38}},"type":"if","locations":[{"start":{"line":35,"column":4},"end":{"line":35,"column":38}}]},"7":{"loc":{"start":{"line":36,"column":4},"end":{"line":36,"column":40}},"type":"if","locations":[{"start":{"line":36,"column":4},"end":{"line":36,"column":40}}]},"8":{"loc":{"start":{"line":37,"column":4},"end":{"line":37,"column":38}},"type":"if","locations":[{"start":{"line":37,"column":4},"end":{"line":37,"column":38}}]},"9":{"loc":{"start":{"line":38,"column":4},"end":{"line":38,"column":52}},"type":"if","locations":[{"start":{"line":38,"column":4},"end":{"line":38,"column":52}}]},"10":{"loc":{"start":{"line":45,"column":8},"end":{"line":61,"column":9}},"type":"if","locations":[{"start":{"line":45,"column":8},"end":{"line":61,"column":9}},{"start":{"line":54,"column":15},"end":{"line":61,"column":9}}]},"11":{"loc":{"start":{"line":48,"column":16},"end":{"line":52,"column":17}},"type":"if","locations":[{"start":{"line":48,"column":16},"end":{"line":52,"column":17}},{"start":{"line":50,"column":23},"end":{"line":52,"column":17}}]},"12":{"loc":{"start":{"line":54,"column":15},"end":{"line":61,"column":9}},"type":"if","locations":[{"start":{"line":54,"column":15},"end":{"line":61,"column":9}},{"start":{"line":59,"column":15},"end":{"line":61,"column":9}}]},"13":{"loc":{"start":{"line":54,"column":19},"end":{"line":54,"column":62}},"type":"binary-expr","locations":[{"start":{"line":54,"column":19},"end":{"line":54,"column":44}},{"start":{"line":54,"column":48},"end":{"line":54,"column":62}}]},"14":{"loc":{"start":{"line":73,"column":12},"end":{"line":76,"column":42}},"type":"binary-expr","locations":[{"start":{"line":73,"column":12},"end":{"line":73,"column":16}},{"start":{"line":74,"column":12},"end":{"line":74,"column":42}},{"start":{"line":75,"column":12},"end":{"line":75,"column":31}},{"start":{"line":76,"column":12},"end":{"line":76,"column":42}}]},"15":{"loc":{"start":{"line":81,"column":40},"end":{"line":86,"column":16}},"type":"cond-expr","locations":[{"start":{"line":82,"column":14},"end":{"line":85,"column":15}},{"start":{"line":86,"column":14},"end":{"line":86,"column":16}}]},"16":{"loc":{"start":{"line":83,"column":22},"end":{"line":83,"column":34}},"type":"binary-expr","locations":[{"start":{"line":83,"column":22},"end":{"line":83,"column":28}},{"start":{"line":83,"column":32},"end":{"line":83,"column":34}}]},"17":{"loc":{"start":{"line":84,"column":23},"end":{"line":84,"column":36}},"type":"binary-expr","locations":[{"start":{"line":84,"column":23},"end":{"line":84,"column":30}},{"start":{"line":84,"column":34},"end":{"line":84,"column":36}}]},"18":{"loc":{"start":{"line":91,"column":15},"end":{"line":91,"column":42}},"type":"binary-expr","locations":[{"start":{"line":91,"column":15},"end":{"line":91,"column":29}},{"start":{"line":91,"column":33},"end":{"line":91,"column":42}}]}},"s":{"0":3,"1":3,"2":3,"3":3,"4":21,"5":21,"6":6,"7":15,"8":3,"9":3,"10":3,"11":12,"12":12,"13":12,"14":3,"15":3,"16":9,"17":9,"18":3,"19":9,"20":0,"21":9,"22":0,"23":9,"24":0,"25":9,"26":0,"27":9,"28":1,"29":1,"30":2,"31":1,"32":1,"33":2,"34":0,"35":2,"36":1,"37":0,"38":0,"39":0,"40":1,"41":1,"42":1,"43":1,"44":1,"45":0,"46":1,"47":0,"48":0},"f":{"0":3,"1":9,"2":1,"3":1,"4":1,"5":0,"6":0,"7":0},"b":{"0":[6],"1":[21,15],"2":[3,12],"3":[3],"4":[3,0],"5":[3,9],"6":[0],"7":[0],"8":[0],"9":[0],"10":[1,1],"11":[0,2],"12":[0,1],"13":[1,0],"14":[1,1,1,1],"15":[0,1],"16":[0,0],"17":[0,0],"18":[0,0]}}
}
