TN:
SF:src/frontmatter-tools.ts
FN:4,fromYaml
FN:34,parseYamlValue
FN:42,toYaml
FN:71,(anonymous_3)
FN:80,(anonymous_4)
FN:82,(anonymous_5)
FN:90,(anonymous_6)
FN:94,(anonymous_7)
FNF:8
FNH:5
FNDA:3,fromYaml
FNDA:9,parseYamlValue
FNDA:1,toYaml
FNDA:1,(anonymous_3)
FNDA:1,(anonymous_4)
FNDA:0,(anonymous_5)
FNDA:0,(anonymous_6)
FNDA:0,(anonymous_7)
DA:5,3
DA:6,3
DA:7,3
DA:9,3
DA:10,21
DA:11,21
DA:13,15
DA:14,3
DA:15,3
DA:16,3
DA:19,12
DA:20,12
DA:21,12
DA:22,3
DA:23,3
DA:25,9
DA:26,9
DA:31,3
DA:35,9
DA:36,9
DA:37,9
DA:38,9
DA:39,9
DA:43,1
DA:44,1
DA:45,2
DA:46,1
DA:47,1
DA:48,2
DA:49,0
DA:51,2
DA:54,1
DA:55,0
DA:56,0
DA:57,0
DA:60,1
DA:63,1
DA:66,1
DA:72,1
DA:81,1
DA:82,0
DA:87,1
DA:91,0
DA:95,0
LF:44
LH:37
BRDA:11,0,0,6
BRDA:11,1,0,21
BRDA:11,1,1,15
BRDA:13,2,0,3
BRDA:13,2,1,12
BRDA:15,3,0,3
BRDA:16,4,0,3
BRDA:16,4,1,0
BRDA:21,5,0,3
BRDA:21,5,1,9
BRDA:35,6,0,0
BRDA:36,7,0,0
BRDA:37,8,0,0
BRDA:38,9,0,0
BRDA:45,10,0,1
BRDA:45,10,1,1
BRDA:48,11,0,0
BRDA:48,11,1,2
BRDA:54,12,0,0
BRDA:54,12,1,1
BRDA:54,13,0,1
BRDA:54,13,1,0
BRDA:73,14,0,1
BRDA:73,14,1,1
BRDA:73,14,2,1
BRDA:73,14,3,1
BRDA:81,15,0,0
BRDA:81,15,1,1
BRDA:83,16,0,0
BRDA:83,16,1,0
BRDA:84,17,0,0
BRDA:84,17,1,0
BRDA:91,18,0,0
BRDA:91,18,1,0
BRF:34
BRH:19
end_of_record
